<?xml version="1.0" encoding="UTF-8" ?>
<testsuite tests="18" failures="6" name="br.ifes.leticia.ArCondicionadoObserverBDD.ArCondicionadoRunnerTest" time="0.013" errors="0" skipped="0">
  <properties>
[...]
</properties>
  <testcase classname="| 3 | 5 | 7 | 26 | 28 | 30 | 5 | 28 |" name="Given Eu quero controlar a temperatura interna da sala" time="0.002"/>
  <testcase classname="| 3 | 5 | 7 | 26 | 28 | 30 | 5 | 28 |" name="When Os sensores identificam a quantidade de pessoas na sala \&quot;3\&quot;\u002C \&quot;5\&quot;\u002C \&quot;7\&quot;" time="0"/>
  <testcase classname="| 3 | 5 | 7 | 26 | 28 | 30 | 5 | 28 |" name="And Recebo os valores dos sensores externos \&quot;26\&quot;\u002C \&quot;28\&quot;\u002C \&quot;30\&quot;" time="0"/>
  <testcase classname="| 3 | 5 | 7 | 26 | 28 | 30 | 5 | 28 |" name="Then Calcula a media de pessoas \&quot;5\&quot; na sala e a media da temperatura externa \&quot;28\&quot;" time="0"/>
  <testcase classname="| 3 | 5 | 7 | 26 | 28 | 30 | 5 | 28 |" name="And O ar condicionado calcula e normaliza a temperatura" time="0.004">
    <failure message="expected:&lt;28&gt; but was:&lt;25&gt;" type="java.lang.AssertionError">java.lang.AssertionError: expected:&lt;28&gt; but was:&lt;25&gt;
	at org.junit.Assert.fail(Assert.java:88)
	at org.junit.Assert.failNotEquals(Assert.java:743)
	at org.junit.Assert.assertEquals(Assert.java:118)
	at org.junit.Assert.assertEquals(Assert.java:555)
	at org.junit.Assert.assertEquals(Assert.java:542)
	at br.ifes.leticia.ArCondicionadoObserverBDD.ArConcionadoSteps.o_ar_condicionado_calcula_e_normaliza_a_temperatura(ArConcionadoSteps.java:45)
	at ✽.And O ar condicionado calcula e normaliza a temperatura(ArCondicionadoObserver.feature:8)
</failure>
  </testcase>
  <testcase classname="| 3 | 5 | 7 | 26 | 28 | 30 | 5 | 28 |" name="| 3 | 5 | 7 | 26 | 28 | 30 | 5 | 28 |" time="0.005">
    <failure message="expected:&lt;28&gt; but was:&lt;25&gt;" type="java.lang.AssertionError">java.lang.AssertionError: expected:&lt;28&gt; but was:&lt;25&gt;
	at org.junit.Assert.fail(Assert.java:88)
	at org.junit.Assert.failNotEquals(Assert.java:743)
	at org.junit.Assert.assertEquals(Assert.java:118)
	at org.junit.Assert.assertEquals(Assert.java:555)
	at org.junit.Assert.assertEquals(Assert.java:542)
	at br.ifes.leticia.ArCondicionadoObserverBDD.ArConcionadoSteps.o_ar_condicionado_calcula_e_normaliza_a_temperatura(ArConcionadoSteps.java:45)
	at ✽.And O ar condicionado calcula e normaliza a temperatura(ArCondicionadoObserver.feature:8)
</failure>
  </testcase>
  <testcase classname="| 4 | 6 | 5 | 27 | 26 | 31 | 5 | 28 |" name="Given Eu quero controlar a temperatura interna da sala" time="0"/>
  <testcase classname="| 4 | 6 | 5 | 27 | 26 | 31 | 5 | 28 |" name="When Os sensores identificam a quantidade de pessoas na sala \&quot;4\&quot;\u002C \&quot;6\&quot;\u002C \&quot;5\&quot;" time="0"/>
  <testcase classname="| 4 | 6 | 5 | 27 | 26 | 31 | 5 | 28 |" name="And Recebo os valores dos sensores externos \&quot;27\&quot;\u002C \&quot;26\&quot;\u002C \&quot;31\&quot;" time="0"/>
  <testcase classname="| 4 | 6 | 5 | 27 | 26 | 31 | 5 | 28 |" name="Then Calcula a media de pessoas \&quot;5\&quot; na sala e a media da temperatura externa \&quot;28\&quot;" time="0"/>
  <testcase classname="| 4 | 6 | 5 | 27 | 26 | 31 | 5 | 28 |" name="And O ar condicionado calcula e normaliza a temperatura" time="0.001">
    <failure message="expected:&lt;28&gt; but was:&lt;25&gt;" type="java.lang.AssertionError">java.lang.AssertionError: expected:&lt;28&gt; but was:&lt;25&gt;
	at org.junit.Assert.fail(Assert.java:88)
	at org.junit.Assert.failNotEquals(Assert.java:743)
	at org.junit.Assert.assertEquals(Assert.java:118)
	at org.junit.Assert.assertEquals(Assert.java:555)
	at org.junit.Assert.assertEquals(Assert.java:542)
	at br.ifes.leticia.ArCondicionadoObserverBDD.ArConcionadoSteps.o_ar_condicionado_calcula_e_normaliza_a_temperatura(ArConcionadoSteps.java:45)
	at ✽.And O ar condicionado calcula e normaliza a temperatura(ArCondicionadoObserver.feature:8)
</failure>
  </testcase>
  <testcase classname="| 4 | 6 | 5 | 27 | 26 | 31 | 5 | 28 |" name="| 4 | 6 | 5 | 27 | 26 | 31 | 5 | 28 |" time="0.001">
    <failure message="expected:&lt;28&gt; but was:&lt;25&gt;" type="java.lang.AssertionError">java.lang.AssertionError: expected:&lt;28&gt; but was:&lt;25&gt;
	at org.junit.Assert.fail(Assert.java:88)
	at org.junit.Assert.failNotEquals(Assert.java:743)
	at org.junit.Assert.assertEquals(Assert.java:118)
	at org.junit.Assert.assertEquals(Assert.java:555)
	at org.junit.Assert.assertEquals(Assert.java:542)
	at br.ifes.leticia.ArCondicionadoObserverBDD.ArConcionadoSteps.o_ar_condicionado_calcula_e_normaliza_a_temperatura(ArConcionadoSteps.java:45)
	at ✽.And O ar condicionado calcula e normaliza a temperatura(ArCondicionadoObserver.feature:8)
</failure>
  </testcase>
  <testcase classname="| 0 | 1 | 2 | 5 | 3 | 7 | 1 | 5 |" name="Given Eu quero controlar a temperatura interna da sala" time="0"/>
  <testcase classname="| 0 | 1 | 2 | 5 | 3 | 7 | 1 | 5 |" name="When Os sensores identificam a quantidade de pessoas na sala \&quot;0\&quot;\u002C \&quot;1\&quot;\u002C \&quot;2\&quot;" time="0"/>
  <testcase classname="| 0 | 1 | 2 | 5 | 3 | 7 | 1 | 5 |" name="And Recebo os valores dos sensores externos \&quot;5\&quot;\u002C \&quot;3\&quot;\u002C \&quot;7\&quot;" time="0"/>
  <testcase classname="| 0 | 1 | 2 | 5 | 3 | 7 | 1 | 5 |" name="Then Calcula a media de pessoas \&quot;1\&quot; na sala e a media da temperatura externa \&quot;5\&quot;" time="0"/>
  <testcase classname="| 0 | 1 | 2 | 5 | 3 | 7 | 1 | 5 |" name="And O ar condicionado calcula e normaliza a temperatura" time="0">
    <failure message="expected:&lt;28&gt; but was:&lt;25&gt;" type="java.lang.AssertionError">java.lang.AssertionError: expected:&lt;28&gt; but was:&lt;25&gt;
	at org.junit.Assert.fail(Assert.java:88)
	at org.junit.Assert.failNotEquals(Assert.java:743)
	at org.junit.Assert.assertEquals(Assert.java:118)
	at org.junit.Assert.assertEquals(Assert.java:555)
	at org.junit.Assert.assertEquals(Assert.java:542)
	at br.ifes.leticia.ArCondicionadoObserverBDD.ArConcionadoSteps.o_ar_condicionado_calcula_e_normaliza_a_temperatura(ArConcionadoSteps.java:45)
	at ✽.And O ar condicionado calcula e normaliza a temperatura(ArCondicionadoObserver.feature:8)
</failure>
  </testcase>
  <testcase classname="| 0 | 1 | 2 | 5 | 3 | 7 | 1 | 5 |" name="| 0 | 1 | 2 | 5 | 3 | 7 | 1 | 5 |" time="0">
    <failure message="expected:&lt;28&gt; but was:&lt;25&gt;" type="java.lang.AssertionError">java.lang.AssertionError: expected:&lt;28&gt; but was:&lt;25&gt;
	at org.junit.Assert.fail(Assert.java:88)
	at org.junit.Assert.failNotEquals(Assert.java:743)
	at org.junit.Assert.assertEquals(Assert.java:118)
	at org.junit.Assert.assertEquals(Assert.java:555)
	at org.junit.Assert.assertEquals(Assert.java:542)
	at br.ifes.leticia.ArCondicionadoObserverBDD.ArConcionadoSteps.o_ar_condicionado_calcula_e_normaliza_a_temperatura(ArConcionadoSteps.java:45)
	at ✽.And O ar condicionado calcula e normaliza a temperatura(ArCondicionadoObserver.feature:8)
</failure>
  </testcase>
</testsuite>